十月 10, 2017 9:52:27 下午 org.apache.catalina.startup.VersionLoggerListener log
信息: Server version:        Apache Tomcat/7.0.57
十月 10, 2017 9:52:27 下午 org.apache.catalina.startup.VersionLoggerListener log
信息: Server built:          Nov 3 2014 08:39:16 UTC
十月 10, 2017 9:52:27 下午 org.apache.catalina.startup.VersionLoggerListener log
信息: Server number:         7.0.57.0
十月 10, 2017 9:52:27 下午 org.apache.catalina.startup.VersionLoggerListener log
信息: OS Name:               Windows 7
十月 10, 2017 9:52:27 下午 org.apache.catalina.startup.VersionLoggerListener log
信息: OS Version:            6.1
十月 10, 2017 9:52:27 下午 org.apache.catalina.startup.VersionLoggerListener log
信息: Architecture:          amd64
十月 10, 2017 9:52:27 下午 org.apache.catalina.startup.VersionLoggerListener log
信息: JAVA_HOME:             C:\Program Files\Java\jdk1.7.0_79\jre
十月 10, 2017 9:52:27 下午 org.apache.catalina.startup.VersionLoggerListener log
信息: JVM Version:           1.7.0_79-b15
十月 10, 2017 9:52:27 下午 org.apache.catalina.startup.VersionLoggerListener log
信息: JVM Vendor:            Oracle Corporation
十月 10, 2017 9:52:27 下午 org.apache.catalina.startup.VersionLoggerListener log
信息: CATALINA_BASE:         C:\Users\Administrator\Desktop\演示项目\client2
十月 10, 2017 9:52:27 下午 org.apache.catalina.startup.VersionLoggerListener log
信息: CATALINA_HOME:         C:\Users\Administrator\Desktop\演示项目\client2
十月 10, 2017 9:52:27 下午 org.apache.catalina.startup.VersionLoggerListener log
信息: Command line argument: -Djava.util.logging.config.file=C:\Users\Administrator\Desktop\演示项目\client2\conf\logging.properties
十月 10, 2017 9:52:27 下午 org.apache.catalina.startup.VersionLoggerListener log
信息: Command line argument: -Djava.util.logging.manager=org.apache.juli.ClassLoaderLogManager
十月 10, 2017 9:52:27 下午 org.apache.catalina.startup.VersionLoggerListener log
信息: Command line argument: -Djava.endorsed.dirs=C:\Users\Administrator\Desktop\演示项目\client2\endorsed
十月 10, 2017 9:52:27 下午 org.apache.catalina.startup.VersionLoggerListener log
信息: Command line argument: -Dcatalina.base=C:\Users\Administrator\Desktop\演示项目\client2
十月 10, 2017 9:52:27 下午 org.apache.catalina.startup.VersionLoggerListener log
信息: Command line argument: -Dcatalina.home=C:\Users\Administrator\Desktop\演示项目\client2
十月 10, 2017 9:52:27 下午 org.apache.catalina.startup.VersionLoggerListener log
信息: Command line argument: -Djava.io.tmpdir=C:\Users\Administrator\Desktop\演示项目\client2\temp
十月 10, 2017 9:52:27 下午 org.apache.catalina.core.AprLifecycleListener lifecycleEvent
信息: Loaded APR based Apache Tomcat Native library 1.1.32 using APR version 1.5.1.
十月 10, 2017 9:52:27 下午 org.apache.catalina.core.AprLifecycleListener lifecycleEvent
信息: APR capabilities: IPv6 [true], sendfile [true], accept filters [false], random [true].
十月 10, 2017 9:52:28 下午 org.apache.catalina.core.AprLifecycleListener initializeSSL
信息: OpenSSL successfully initialized (OpenSSL 1.0.1j 15 Oct 2014)
十月 10, 2017 9:52:28 下午 org.apache.coyote.AbstractProtocol init
信息: Initializing ProtocolHandler ["http-apr-8089"]
十月 10, 2017 9:52:28 下午 org.apache.coyote.AbstractProtocol init
信息: Initializing ProtocolHandler ["ajp-apr-8007"]
十月 10, 2017 9:52:28 下午 org.apache.catalina.startup.Catalina load
信息: Initialization processed in 1207 ms
十月 10, 2017 9:52:28 下午 org.apache.catalina.core.StandardService startInternal
信息: Starting service Catalina
十月 10, 2017 9:52:28 下午 org.apache.catalina.core.StandardEngine startInternal
信息: Starting Servlet Engine: Apache Tomcat/7.0.57
十月 10, 2017 9:52:28 下午 org.apache.catalina.startup.HostConfig deployDirectory
信息: Deploying web application directory C:\Users\Administrator\Desktop\演示项目\client2\webapps\ROOT
十月 10, 2017 9:52:29 下午 org.apache.catalina.util.SessionIdGenerator createSecureRandom
信息: Creation of SecureRandom instance for session ID generation using [SHA1PRNG] took [218] milliseconds.
十月 10, 2017 9:52:29 下午 org.apache.catalina.startup.HostConfig deployDirectory
信息: Deployment of web application directory C:\Users\Administrator\Desktop\演示项目\client2\webapps\ROOT has finished in 1,373 ms
十月 10, 2017 9:52:29 下午 org.apache.coyote.AbstractProtocol start
信息: Starting ProtocolHandler ["http-apr-8089"]
十月 10, 2017 9:52:29 下午 org.apache.coyote.AbstractProtocol start
信息: Starting ProtocolHandler ["ajp-apr-8007"]
十月 10, 2017 9:52:29 下午 org.apache.catalina.startup.Catalina start
信息: Server startup in 1434 ms
十月 10, 2017 9:53:51 下午 org.apache.coyote.AbstractProtocol pause
信息: Pausing ProtocolHandler ["http-apr-8089"]
十月 10, 2017 9:53:51 下午 org.apache.coyote.AbstractProtocol pause
信息: Pausing ProtocolHandler ["ajp-apr-8007"]
十月 10, 2017 9:53:51 下午 org.apache.catalina.core.StandardService stopInternal
信息: Stopping service Catalina
十月 10, 2017 9:53:51 下午 org.apache.coyote.AbstractProtocol stop
信息: Stopping ProtocolHandler ["http-apr-8089"]
十月 10, 2017 9:53:51 下午 org.apache.coyote.AbstractProtocol stop
信息: Stopping ProtocolHandler ["ajp-apr-8007"]
十月 10, 2017 9:53:51 下午 org.apache.coyote.AbstractProtocol destroy
信息: Destroying ProtocolHandler ["http-apr-8089"]
十月 10, 2017 9:53:51 下午 org.apache.coyote.AbstractProtocol destroy
信息: Destroying ProtocolHandler ["ajp-apr-8007"]
十月 10, 2017 9:55:58 下午 org.apache.catalina.startup.VersionLoggerListener log
信息: Server version:        Apache Tomcat/7.0.57
十月 10, 2017 9:55:58 下午 org.apache.catalina.startup.VersionLoggerListener log
信息: Server built:          Nov 3 2014 08:39:16 UTC
十月 10, 2017 9:55:58 下午 org.apache.catalina.startup.VersionLoggerListener log
信息: Server number:         7.0.57.0
十月 10, 2017 9:55:58 下午 org.apache.catalina.startup.VersionLoggerListener log
信息: OS Name:               Windows 7
十月 10, 2017 9:55:58 下午 org.apache.catalina.startup.VersionLoggerListener log
信息: OS Version:            6.1
十月 10, 2017 9:55:58 下午 org.apache.catalina.startup.VersionLoggerListener log
信息: Architecture:          amd64
十月 10, 2017 9:55:58 下午 org.apache.catalina.startup.VersionLoggerListener log
信息: JAVA_HOME:             C:\Program Files\Java\jdk1.7.0_79\jre
十月 10, 2017 9:55:58 下午 org.apache.catalina.startup.VersionLoggerListener log
信息: JVM Version:           1.7.0_79-b15
十月 10, 2017 9:55:58 下午 org.apache.catalina.startup.VersionLoggerListener log
信息: JVM Vendor:            Oracle Corporation
十月 10, 2017 9:55:58 下午 org.apache.catalina.startup.VersionLoggerListener log
信息: CATALINA_BASE:         C:\Users\Administrator\Desktop\演示项目\client2
十月 10, 2017 9:55:58 下午 org.apache.catalina.startup.VersionLoggerListener log
信息: CATALINA_HOME:         C:\Users\Administrator\Desktop\演示项目\client2
十月 10, 2017 9:55:58 下午 org.apache.catalina.startup.VersionLoggerListener log
信息: Command line argument: -Djava.util.logging.config.file=C:\Users\Administrator\Desktop\演示项目\client2\conf\logging.properties
十月 10, 2017 9:55:58 下午 org.apache.catalina.startup.VersionLoggerListener log
信息: Command line argument: -Djava.util.logging.manager=org.apache.juli.ClassLoaderLogManager
十月 10, 2017 9:55:58 下午 org.apache.catalina.startup.VersionLoggerListener log
信息: Command line argument: -Djava.endorsed.dirs=C:\Users\Administrator\Desktop\演示项目\client2\endorsed
十月 10, 2017 9:55:58 下午 org.apache.catalina.startup.VersionLoggerListener log
信息: Command line argument: -Dcatalina.base=C:\Users\Administrator\Desktop\演示项目\client2
十月 10, 2017 9:55:58 下午 org.apache.catalina.startup.VersionLoggerListener log
信息: Command line argument: -Dcatalina.home=C:\Users\Administrator\Desktop\演示项目\client2
十月 10, 2017 9:55:58 下午 org.apache.catalina.startup.VersionLoggerListener log
信息: Command line argument: -Djava.io.tmpdir=C:\Users\Administrator\Desktop\演示项目\client2\temp
十月 10, 2017 9:55:58 下午 org.apache.catalina.core.AprLifecycleListener lifecycleEvent
信息: Loaded APR based Apache Tomcat Native library 1.1.32 using APR version 1.5.1.
十月 10, 2017 9:55:58 下午 org.apache.catalina.core.AprLifecycleListener lifecycleEvent
信息: APR capabilities: IPv6 [true], sendfile [true], accept filters [false], random [true].
十月 10, 2017 9:55:59 下午 org.apache.catalina.core.AprLifecycleListener initializeSSL
信息: OpenSSL successfully initialized (OpenSSL 1.0.1j 15 Oct 2014)
十月 10, 2017 9:55:59 下午 org.apache.coyote.AbstractProtocol init
信息: Initializing ProtocolHandler ["http-apr-8089"]
十月 10, 2017 9:55:59 下午 org.apache.coyote.AbstractProtocol init
信息: Initializing ProtocolHandler ["ajp-apr-8007"]
十月 10, 2017 9:55:59 下午 org.apache.catalina.startup.Catalina load
信息: Initialization processed in 1646 ms
十月 10, 2017 9:55:59 下午 org.apache.catalina.core.StandardService startInternal
信息: Starting service Catalina
十月 10, 2017 9:55:59 下午 org.apache.catalina.core.StandardEngine startInternal
信息: Starting Servlet Engine: Apache Tomcat/7.0.57
十月 10, 2017 9:55:59 下午 org.apache.catalina.startup.HostConfig deployDirectory
信息: Deploying web application directory C:\Users\Administrator\Desktop\演示项目\client2\webapps\ROOT
十月 10, 2017 9:56:00 下午 org.apache.catalina.util.SessionIdGenerator createSecureRandom
信息: Creation of SecureRandom instance for session ID generation using [SHA1PRNG] took [214] milliseconds.
十月 10, 2017 9:56:01 下午 org.apache.catalina.startup.HostConfig deployDirectory
信息: Deployment of web application directory C:\Users\Administrator\Desktop\演示项目\client2\webapps\ROOT has finished in 1,436 ms
十月 10, 2017 9:56:01 下午 org.apache.coyote.AbstractProtocol start
信息: Starting ProtocolHandler ["http-apr-8089"]
十月 10, 2017 9:56:01 下午 org.apache.coyote.AbstractProtocol start
信息: Starting ProtocolHandler ["ajp-apr-8007"]
十月 10, 2017 9:56:01 下午 org.apache.catalina.startup.Catalina start
信息: Server startup in 1491 ms
十月 10, 2017 9:56:50 下午 org.apache.coyote.AbstractProtocol pause
信息: Pausing ProtocolHandler ["http-apr-8089"]
十月 10, 2017 9:56:50 下午 org.apache.coyote.AbstractProtocol pause
信息: Pausing ProtocolHandler ["ajp-apr-8007"]
十月 10, 2017 9:56:50 下午 org.apache.catalina.core.StandardService stopInternal
信息: Stopping service Catalina
十月 10, 2017 9:56:50 下午 org.apache.coyote.AbstractProtocol stop
信息: Stopping ProtocolHandler ["http-apr-8089"]
十月 10, 2017 9:56:50 下午 org.apache.coyote.AbstractProtocol stop
信息: Stopping ProtocolHandler ["ajp-apr-8007"]
十月 10, 2017 9:56:50 下午 org.apache.coyote.AbstractProtocol destroy
信息: Destroying ProtocolHandler ["http-apr-8089"]
十月 10, 2017 9:56:50 下午 org.apache.coyote.AbstractProtocol destroy
信息: Destroying ProtocolHandler ["ajp-apr-8007"]
十月 10, 2017 10:10:01 下午 org.apache.catalina.startup.VersionLoggerListener log
信息: Server version:        Apache Tomcat/7.0.57
十月 10, 2017 10:10:01 下午 org.apache.catalina.startup.VersionLoggerListener log
信息: Server built:          Nov 3 2014 08:39:16 UTC
十月 10, 2017 10:10:01 下午 org.apache.catalina.startup.VersionLoggerListener log
信息: Server number:         7.0.57.0
十月 10, 2017 10:10:01 下午 org.apache.catalina.startup.VersionLoggerListener log
信息: OS Name:               Windows 7
十月 10, 2017 10:10:01 下午 org.apache.catalina.startup.VersionLoggerListener log
信息: OS Version:            6.1
十月 10, 2017 10:10:01 下午 org.apache.catalina.startup.VersionLoggerListener log
信息: Architecture:          amd64
十月 10, 2017 10:10:01 下午 org.apache.catalina.startup.VersionLoggerListener log
信息: JAVA_HOME:             C:\Program Files\Java\jdk1.7.0_79\jre
十月 10, 2017 10:10:01 下午 org.apache.catalina.startup.VersionLoggerListener log
信息: JVM Version:           1.7.0_79-b15
十月 10, 2017 10:10:01 下午 org.apache.catalina.startup.VersionLoggerListener log
信息: JVM Vendor:            Oracle Corporation
十月 10, 2017 10:10:01 下午 org.apache.catalina.startup.VersionLoggerListener log
信息: CATALINA_BASE:         C:\Users\Administrator\Desktop\演示项目\client2
十月 10, 2017 10:10:01 下午 org.apache.catalina.startup.VersionLoggerListener log
信息: CATALINA_HOME:         C:\Users\Administrator\Desktop\演示项目\client2
十月 10, 2017 10:10:01 下午 org.apache.catalina.startup.VersionLoggerListener log
信息: Command line argument: -Djava.util.logging.config.file=C:\Users\Administrator\Desktop\演示项目\client2\conf\logging.properties
十月 10, 2017 10:10:01 下午 org.apache.catalina.startup.VersionLoggerListener log
信息: Command line argument: -Djava.util.logging.manager=org.apache.juli.ClassLoaderLogManager
十月 10, 2017 10:10:01 下午 org.apache.catalina.startup.VersionLoggerListener log
信息: Command line argument: -Djava.endorsed.dirs=C:\Users\Administrator\Desktop\演示项目\client2\endorsed
十月 10, 2017 10:10:01 下午 org.apache.catalina.startup.VersionLoggerListener log
信息: Command line argument: -Dcatalina.base=C:\Users\Administrator\Desktop\演示项目\client2
十月 10, 2017 10:10:01 下午 org.apache.catalina.startup.VersionLoggerListener log
信息: Command line argument: -Dcatalina.home=C:\Users\Administrator\Desktop\演示项目\client2
十月 10, 2017 10:10:01 下午 org.apache.catalina.startup.VersionLoggerListener log
信息: Command line argument: -Djava.io.tmpdir=C:\Users\Administrator\Desktop\演示项目\client2\temp
十月 10, 2017 10:10:01 下午 org.apache.catalina.core.AprLifecycleListener lifecycleEvent
信息: Loaded APR based Apache Tomcat Native library 1.1.32 using APR version 1.5.1.
十月 10, 2017 10:10:01 下午 org.apache.catalina.core.AprLifecycleListener lifecycleEvent
信息: APR capabilities: IPv6 [true], sendfile [true], accept filters [false], random [true].
十月 10, 2017 10:10:01 下午 org.apache.catalina.core.AprLifecycleListener initializeSSL
信息: OpenSSL successfully initialized (OpenSSL 1.0.1j 15 Oct 2014)
十月 10, 2017 10:10:01 下午 org.apache.coyote.AbstractProtocol init
信息: Initializing ProtocolHandler ["http-apr-8089"]
十月 10, 2017 10:10:01 下午 org.apache.coyote.AbstractProtocol init
信息: Initializing ProtocolHandler ["ajp-apr-8007"]
十月 10, 2017 10:10:01 下午 org.apache.catalina.startup.Catalina load
信息: Initialization processed in 1234 ms
十月 10, 2017 10:10:01 下午 org.apache.catalina.core.StandardService startInternal
信息: Starting service Catalina
十月 10, 2017 10:10:01 下午 org.apache.catalina.core.StandardEngine startInternal
信息: Starting Servlet Engine: Apache Tomcat/7.0.57
十月 10, 2017 10:10:01 下午 org.apache.catalina.startup.HostConfig deployDirectory
信息: Deploying web application directory C:\Users\Administrator\Desktop\演示项目\client2\webapps\ROOT
十月 10, 2017 10:10:03 下午 org.apache.catalina.util.SessionIdGenerator createSecureRandom
信息: Creation of SecureRandom instance for session ID generation using [SHA1PRNG] took [234] milliseconds.
十月 10, 2017 10:10:03 下午 org.apache.catalina.startup.HostConfig deployDirectory
信息: Deployment of web application directory C:\Users\Administrator\Desktop\演示项目\client2\webapps\ROOT has finished in 1,669 ms
十月 10, 2017 10:10:03 下午 org.apache.coyote.AbstractProtocol start
信息: Starting ProtocolHandler ["http-apr-8089"]
十月 10, 2017 10:10:03 下午 org.apache.coyote.AbstractProtocol start
信息: Starting ProtocolHandler ["ajp-apr-8007"]
十月 10, 2017 10:10:03 下午 org.apache.catalina.startup.Catalina start
信息: Server startup in 1721 ms
十月 10, 2017 10:10:52 下午 org.apache.coyote.AbstractProtocol pause
信息: Pausing ProtocolHandler ["http-apr-8089"]
十月 10, 2017 10:10:52 下午 org.apache.coyote.AbstractProtocol pause
信息: Pausing ProtocolHandler ["ajp-apr-8007"]
十月 10, 2017 10:10:52 下午 org.apache.catalina.core.StandardService stopInternal
信息: Stopping service Catalina
十月 10, 2017 10:10:52 下午 org.apache.coyote.AbstractProtocol stop
信息: Stopping ProtocolHandler ["http-apr-8089"]
十月 10, 2017 10:10:52 下午 org.apache.coyote.AbstractProtocol stop
信息: Stopping ProtocolHandler ["ajp-apr-8007"]
十月 10, 2017 10:10:52 下午 org.apache.coyote.AbstractProtocol destroy
信息: Destroying ProtocolHandler ["http-apr-8089"]
十月 10, 2017 10:10:52 下午 org.apache.coyote.AbstractProtocol destroy
信息: Destroying ProtocolHandler ["ajp-apr-8007"]
