十月 10, 2017 9:49:24 下午 org.apache.catalina.startup.VersionLoggerListener log
信息: Server version:        Apache Tomcat/7.0.57
十月 10, 2017 9:49:24 下午 org.apache.catalina.startup.VersionLoggerListener log
信息: Server built:          Nov 3 2014 08:39:16 UTC
十月 10, 2017 9:49:24 下午 org.apache.catalina.startup.VersionLoggerListener log
信息: Server number:         7.0.57.0
十月 10, 2017 9:49:24 下午 org.apache.catalina.startup.VersionLoggerListener log
信息: OS Name:               Windows 7
十月 10, 2017 9:49:24 下午 org.apache.catalina.startup.VersionLoggerListener log
信息: OS Version:            6.1
十月 10, 2017 9:49:24 下午 org.apache.catalina.startup.VersionLoggerListener log
信息: Architecture:          amd64
十月 10, 2017 9:49:24 下午 org.apache.catalina.startup.VersionLoggerListener log
信息: JAVA_HOME:             C:\Program Files\Java\jdk1.7.0_79\jre
十月 10, 2017 9:49:24 下午 org.apache.catalina.startup.VersionLoggerListener log
信息: JVM Version:           1.7.0_79-b15
十月 10, 2017 9:49:24 下午 org.apache.catalina.startup.VersionLoggerListener log
信息: JVM Vendor:            Oracle Corporation
十月 10, 2017 9:49:24 下午 org.apache.catalina.startup.VersionLoggerListener log
信息: CATALINA_BASE:         C:\Users\Administrator\Desktop\演示项目\server
十月 10, 2017 9:49:24 下午 org.apache.catalina.startup.VersionLoggerListener log
信息: CATALINA_HOME:         C:\Users\Administrator\Desktop\演示项目\server
十月 10, 2017 9:49:24 下午 org.apache.catalina.startup.VersionLoggerListener log
信息: Command line argument: -Djava.util.logging.config.file=C:\Users\Administrator\Desktop\演示项目\server\conf\logging.properties
十月 10, 2017 9:49:24 下午 org.apache.catalina.startup.VersionLoggerListener log
信息: Command line argument: -Djava.util.logging.manager=org.apache.juli.ClassLoaderLogManager
十月 10, 2017 9:49:24 下午 org.apache.catalina.startup.VersionLoggerListener log
信息: Command line argument: -Djava.endorsed.dirs=C:\Users\Administrator\Desktop\演示项目\server\endorsed
十月 10, 2017 9:49:24 下午 org.apache.catalina.startup.VersionLoggerListener log
信息: Command line argument: -Dcatalina.base=C:\Users\Administrator\Desktop\演示项目\server
十月 10, 2017 9:49:24 下午 org.apache.catalina.startup.VersionLoggerListener log
信息: Command line argument: -Dcatalina.home=C:\Users\Administrator\Desktop\演示项目\server
十月 10, 2017 9:49:24 下午 org.apache.catalina.startup.VersionLoggerListener log
信息: Command line argument: -Djava.io.tmpdir=C:\Users\Administrator\Desktop\演示项目\server\temp
十月 10, 2017 9:49:24 下午 org.apache.catalina.core.AprLifecycleListener lifecycleEvent
信息: Loaded APR based Apache Tomcat Native library 1.1.32 using APR version 1.5.1.
十月 10, 2017 9:49:24 下午 org.apache.catalina.core.AprLifecycleListener lifecycleEvent
信息: APR capabilities: IPv6 [true], sendfile [true], accept filters [false], random [true].
十月 10, 2017 9:49:25 下午 org.apache.catalina.core.AprLifecycleListener initializeSSL
信息: OpenSSL successfully initialized (OpenSSL 1.0.1j 15 Oct 2014)
十月 10, 2017 9:49:25 下午 org.apache.coyote.AbstractProtocol init
信息: Initializing ProtocolHandler ["http-apr-80"]
十月 10, 2017 9:49:25 下午 org.apache.coyote.AbstractProtocol init
信息: Initializing ProtocolHandler ["ajp-apr-8009"]
十月 10, 2017 9:49:25 下午 org.apache.catalina.startup.Catalina load
信息: Initialization processed in 1323 ms
十月 10, 2017 9:49:25 下午 org.apache.catalina.core.StandardService startInternal
信息: Starting service Catalina
十月 10, 2017 9:49:25 下午 org.apache.catalina.core.StandardEngine startInternal
信息: Starting Servlet Engine: Apache Tomcat/7.0.57
十月 10, 2017 9:49:25 下午 org.apache.catalina.startup.HostConfig deployDirectory
信息: Deploying web application directory C:\Users\Administrator\Desktop\演示项目\server\webapps\ROOT
十月 10, 2017 9:49:26 下午 org.apache.catalina.util.SessionIdGenerator createSecureRandom
信息: Creation of SecureRandom instance for session ID generation using [SHA1PRNG] took [188] milliseconds.
十月 10, 2017 9:49:27 下午 org.springframework.web.servlet.DispatcherServlet initServletBean
信息: FrameworkServlet 'SpringMVC': initialization started
十月 10, 2017 9:49:27 下午 org.springframework.web.context.support.XmlWebApplicationContext prepareRefresh
信息: Refreshing WebApplicationContext for namespace 'SpringMVC-servlet': startup date [Tue Oct 10 21:49:27 GMT+08:00 2017]; root of context hierarchy
十月 10, 2017 9:49:27 下午 org.springframework.beans.factory.xml.XmlBeanDefinitionReader loadBeanDefinitions
信息: Loading XML bean definitions from class path resource [applicationContext.xml]
十月 10, 2017 9:49:27 下午 org.springframework.web.servlet.mvc.method.annotation.RequestMappingHandlerMapping register
信息: Mapped "{[/verify]}" onto public java.lang.String com._520it.sso.controller.LoginLogoutController.verify(java.lang.String,java.lang.String,java.lang.String)
十月 10, 2017 9:49:27 下午 org.springframework.web.servlet.mvc.method.annotation.RequestMappingHandlerMapping register
信息: Mapped "{[/logOut]}" onto public java.lang.String com._520it.sso.controller.LoginLogoutController.logOut(javax.servlet.http.HttpSession)
十月 10, 2017 9:49:27 下午 org.springframework.web.servlet.mvc.method.annotation.RequestMappingHandlerMapping register
信息: Mapped "{[/login]}" onto public java.lang.String com._520it.sso.controller.LoginLogoutController.login(java.lang.String,java.lang.String,java.lang.String,javax.servlet.http.HttpSession)
十月 10, 2017 9:49:27 下午 org.springframework.web.servlet.mvc.method.annotation.RequestMappingHandlerMapping register
信息: Mapped "{[/checkLogin]}" onto public java.lang.String com._520it.sso.controller.LoginLogoutController.checkLogin(java.lang.String,javax.servlet.http.HttpSession)
十月 10, 2017 9:49:27 下午 org.springframework.web.servlet.mvc.method.annotation.RequestMappingHandlerAdapter initControllerAdviceCache
信息: Looking for @ControllerAdvice: WebApplicationContext for namespace 'SpringMVC-servlet': startup date [Tue Oct 10 21:49:27 GMT+08:00 2017]; root of context hierarchy
十月 10, 2017 9:49:27 下午 org.springframework.web.servlet.mvc.method.annotation.RequestMappingHandlerAdapter initControllerAdviceCache
信息: Looking for @ControllerAdvice: WebApplicationContext for namespace 'SpringMVC-servlet': startup date [Tue Oct 10 21:49:27 GMT+08:00 2017]; root of context hierarchy
十月 10, 2017 9:49:28 下午 org.springframework.web.servlet.handler.SimpleUrlHandlerMapping registerHandler
信息: Mapped URL path [/**] onto handler 'org.springframework.web.servlet.resource.DefaultServletHttpRequestHandler#0'
十月 10, 2017 9:49:28 下午 org.springframework.web.servlet.DispatcherServlet initServletBean
信息: FrameworkServlet 'SpringMVC': initialization completed in 1108 ms
十月 10, 2017 9:49:28 下午 org.apache.catalina.startup.HostConfig deployDirectory
信息: Deployment of web application directory C:\Users\Administrator\Desktop\演示项目\server\webapps\ROOT has finished in 2,870 ms
十月 10, 2017 9:49:28 下午 org.apache.coyote.AbstractProtocol start
信息: Starting ProtocolHandler ["http-apr-80"]
十月 10, 2017 9:49:28 下午 org.apache.coyote.AbstractProtocol start
信息: Starting ProtocolHandler ["ajp-apr-8009"]
十月 10, 2017 9:49:28 下午 org.apache.catalina.startup.Catalina start
信息: Server startup in 2932 ms
十月 10, 2017 9:53:55 下午 org.apache.coyote.AbstractProtocol pause
信息: Pausing ProtocolHandler ["http-apr-80"]
十月 10, 2017 9:53:55 下午 org.apache.coyote.AbstractProtocol pause
信息: Pausing ProtocolHandler ["ajp-apr-8009"]
十月 10, 2017 9:53:55 下午 org.apache.catalina.core.StandardService stopInternal
信息: Stopping service Catalina
十月 10, 2017 9:53:55 下午 org.springframework.web.context.support.XmlWebApplicationContext doClose
信息: Closing WebApplicationContext for namespace 'SpringMVC-servlet': startup date [Tue Oct 10 21:49:27 GMT+08:00 2017]; root of context hierarchy
十月 10, 2017 9:53:55 下午 org.apache.coyote.AbstractProtocol stop
信息: Stopping ProtocolHandler ["http-apr-80"]
十月 10, 2017 9:53:55 下午 org.apache.coyote.AbstractProtocol stop
信息: Stopping ProtocolHandler ["ajp-apr-8009"]
十月 10, 2017 9:53:55 下午 org.apache.coyote.AbstractProtocol destroy
信息: Destroying ProtocolHandler ["http-apr-80"]
十月 10, 2017 9:53:55 下午 org.apache.coyote.AbstractProtocol destroy
信息: Destroying ProtocolHandler ["ajp-apr-8009"]
十月 10, 2017 9:55:50 下午 org.apache.catalina.startup.VersionLoggerListener log
信息: Server version:        Apache Tomcat/7.0.57
十月 10, 2017 9:55:50 下午 org.apache.catalina.startup.VersionLoggerListener log
信息: Server built:          Nov 3 2014 08:39:16 UTC
十月 10, 2017 9:55:50 下午 org.apache.catalina.startup.VersionLoggerListener log
信息: Server number:         7.0.57.0
十月 10, 2017 9:55:50 下午 org.apache.catalina.startup.VersionLoggerListener log
信息: OS Name:               Windows 7
十月 10, 2017 9:55:50 下午 org.apache.catalina.startup.VersionLoggerListener log
信息: OS Version:            6.1
十月 10, 2017 9:55:50 下午 org.apache.catalina.startup.VersionLoggerListener log
信息: Architecture:          amd64
十月 10, 2017 9:55:50 下午 org.apache.catalina.startup.VersionLoggerListener log
信息: JAVA_HOME:             C:\Program Files\Java\jdk1.7.0_79\jre
十月 10, 2017 9:55:50 下午 org.apache.catalina.startup.VersionLoggerListener log
信息: JVM Version:           1.7.0_79-b15
十月 10, 2017 9:55:50 下午 org.apache.catalina.startup.VersionLoggerListener log
信息: JVM Vendor:            Oracle Corporation
十月 10, 2017 9:55:50 下午 org.apache.catalina.startup.VersionLoggerListener log
信息: CATALINA_BASE:         C:\Users\Administrator\Desktop\演示项目\server
十月 10, 2017 9:55:50 下午 org.apache.catalina.startup.VersionLoggerListener log
信息: CATALINA_HOME:         C:\Users\Administrator\Desktop\演示项目\server
十月 10, 2017 9:55:50 下午 org.apache.catalina.startup.VersionLoggerListener log
信息: Command line argument: -Djava.util.logging.config.file=C:\Users\Administrator\Desktop\演示项目\server\conf\logging.properties
十月 10, 2017 9:55:50 下午 org.apache.catalina.startup.VersionLoggerListener log
信息: Command line argument: -Djava.util.logging.manager=org.apache.juli.ClassLoaderLogManager
十月 10, 2017 9:55:50 下午 org.apache.catalina.startup.VersionLoggerListener log
信息: Command line argument: -Djava.endorsed.dirs=C:\Users\Administrator\Desktop\演示项目\server\endorsed
十月 10, 2017 9:55:50 下午 org.apache.catalina.startup.VersionLoggerListener log
信息: Command line argument: -Dcatalina.base=C:\Users\Administrator\Desktop\演示项目\server
十月 10, 2017 9:55:50 下午 org.apache.catalina.startup.VersionLoggerListener log
信息: Command line argument: -Dcatalina.home=C:\Users\Administrator\Desktop\演示项目\server
十月 10, 2017 9:55:50 下午 org.apache.catalina.startup.VersionLoggerListener log
信息: Command line argument: -Djava.io.tmpdir=C:\Users\Administrator\Desktop\演示项目\server\temp
十月 10, 2017 9:55:50 下午 org.apache.catalina.core.AprLifecycleListener lifecycleEvent
信息: Loaded APR based Apache Tomcat Native library 1.1.32 using APR version 1.5.1.
十月 10, 2017 9:55:50 下午 org.apache.catalina.core.AprLifecycleListener lifecycleEvent
信息: APR capabilities: IPv6 [true], sendfile [true], accept filters [false], random [true].
十月 10, 2017 9:55:50 下午 org.apache.catalina.core.AprLifecycleListener initializeSSL
信息: OpenSSL successfully initialized (OpenSSL 1.0.1j 15 Oct 2014)
十月 10, 2017 9:55:50 下午 org.apache.coyote.AbstractProtocol init
信息: Initializing ProtocolHandler ["http-apr-80"]
十月 10, 2017 9:55:50 下午 org.apache.coyote.AbstractProtocol init
信息: Initializing ProtocolHandler ["ajp-apr-8009"]
十月 10, 2017 9:55:50 下午 org.apache.catalina.startup.Catalina load
信息: Initialization processed in 1240 ms
十月 10, 2017 9:55:50 下午 org.apache.catalina.core.StandardService startInternal
信息: Starting service Catalina
十月 10, 2017 9:55:50 下午 org.apache.catalina.core.StandardEngine startInternal
信息: Starting Servlet Engine: Apache Tomcat/7.0.57
十月 10, 2017 9:55:50 下午 org.apache.catalina.startup.HostConfig deployDirectory
信息: Deploying web application directory C:\Users\Administrator\Desktop\演示项目\server\webapps\ROOT
十月 10, 2017 9:55:52 下午 org.apache.catalina.util.SessionIdGenerator createSecureRandom
信息: Creation of SecureRandom instance for session ID generation using [SHA1PRNG] took [262] milliseconds.
十月 10, 2017 9:55:52 下午 org.springframework.web.servlet.DispatcherServlet initServletBean
信息: FrameworkServlet 'SpringMVC': initialization started
十月 10, 2017 9:55:52 下午 org.springframework.web.context.support.XmlWebApplicationContext prepareRefresh
信息: Refreshing WebApplicationContext for namespace 'SpringMVC-servlet': startup date [Tue Oct 10 21:55:52 GMT+08:00 2017]; root of context hierarchy
十月 10, 2017 9:55:52 下午 org.springframework.beans.factory.xml.XmlBeanDefinitionReader loadBeanDefinitions
信息: Loading XML bean definitions from class path resource [applicationContext.xml]
十月 10, 2017 9:55:53 下午 org.springframework.web.servlet.mvc.method.annotation.RequestMappingHandlerMapping register
信息: Mapped "{[/verify]}" onto public java.lang.String com._520it.sso.controller.LoginLogOutController.verify(java.lang.String,java.lang.String,java.lang.String)
十月 10, 2017 9:55:53 下午 org.springframework.web.servlet.mvc.method.annotation.RequestMappingHandlerMapping register
信息: Mapped "{[/login]}" onto public java.lang.String com._520it.sso.controller.LoginLogOutController.login(java.lang.String,java.lang.String,java.lang.String,javax.servlet.http.HttpSession,org.springframework.ui.Model)
十月 10, 2017 9:55:53 下午 org.springframework.web.servlet.mvc.method.annotation.RequestMappingHandlerMapping register
信息: Mapped "{[/checkLogin]}" onto public java.lang.String com._520it.sso.controller.LoginLogOutController.checkLogin(java.lang.String,javax.servlet.http.HttpSession,org.springframework.ui.Model)
十月 10, 2017 9:55:53 下午 org.springframework.web.servlet.mvc.method.annotation.RequestMappingHandlerMapping register
信息: Mapped "{[/logOut]}" onto public java.lang.String com._520it.sso.controller.LoginLogOutController.logOut(javax.servlet.http.HttpSession)
十月 10, 2017 9:55:53 下午 org.springframework.web.servlet.mvc.method.annotation.RequestMappingHandlerAdapter initControllerAdviceCache
信息: Looking for @ControllerAdvice: WebApplicationContext for namespace 'SpringMVC-servlet': startup date [Tue Oct 10 21:55:52 GMT+08:00 2017]; root of context hierarchy
十月 10, 2017 9:55:53 下午 org.springframework.web.servlet.mvc.method.annotation.RequestMappingHandlerAdapter initControllerAdviceCache
信息: Looking for @ControllerAdvice: WebApplicationContext for namespace 'SpringMVC-servlet': startup date [Tue Oct 10 21:55:52 GMT+08:00 2017]; root of context hierarchy
十月 10, 2017 9:55:53 下午 org.springframework.web.servlet.handler.SimpleUrlHandlerMapping registerHandler
信息: Mapped URL path [/**] onto handler 'org.springframework.web.servlet.resource.DefaultServletHttpRequestHandler#0'
十月 10, 2017 9:55:53 下午 org.springframework.web.servlet.DispatcherServlet initServletBean
信息: FrameworkServlet 'SpringMVC': initialization completed in 1119 ms
十月 10, 2017 9:55:53 下午 org.apache.catalina.startup.HostConfig deployDirectory
信息: Deployment of web application directory C:\Users\Administrator\Desktop\演示项目\server\webapps\ROOT has finished in 3,064 ms
十月 10, 2017 9:55:54 下午 org.apache.coyote.AbstractProtocol start
信息: Starting ProtocolHandler ["http-apr-80"]
十月 10, 2017 9:55:54 下午 org.apache.coyote.AbstractProtocol start
信息: Starting ProtocolHandler ["ajp-apr-8009"]
十月 10, 2017 9:55:54 下午 org.apache.catalina.startup.Catalina start
信息: Server startup in 3124 ms
十月 10, 2017 9:56:52 下午 org.apache.coyote.AbstractProtocol pause
信息: Pausing ProtocolHandler ["http-apr-80"]
十月 10, 2017 9:56:52 下午 org.apache.coyote.AbstractProtocol pause
信息: Pausing ProtocolHandler ["ajp-apr-8009"]
十月 10, 2017 9:56:53 下午 org.apache.catalina.core.StandardService stopInternal
信息: Stopping service Catalina
十月 10, 2017 9:56:53 下午 org.springframework.web.context.support.XmlWebApplicationContext doClose
信息: Closing WebApplicationContext for namespace 'SpringMVC-servlet': startup date [Tue Oct 10 21:55:52 GMT+08:00 2017]; root of context hierarchy
十月 10, 2017 9:56:53 下午 org.apache.coyote.AbstractProtocol stop
信息: Stopping ProtocolHandler ["http-apr-80"]
十月 10, 2017 9:56:53 下午 org.apache.coyote.AbstractProtocol stop
信息: Stopping ProtocolHandler ["ajp-apr-8009"]
十月 10, 2017 9:56:53 下午 org.apache.coyote.AbstractProtocol destroy
信息: Destroying ProtocolHandler ["http-apr-80"]
十月 10, 2017 9:56:53 下午 org.apache.coyote.AbstractProtocol destroy
信息: Destroying ProtocolHandler ["ajp-apr-8009"]
十月 10, 2017 10:09:53 下午 org.apache.catalina.startup.VersionLoggerListener log
信息: Server version:        Apache Tomcat/7.0.57
十月 10, 2017 10:09:53 下午 org.apache.catalina.startup.VersionLoggerListener log
信息: Server built:          Nov 3 2014 08:39:16 UTC
十月 10, 2017 10:09:53 下午 org.apache.catalina.startup.VersionLoggerListener log
信息: Server number:         7.0.57.0
十月 10, 2017 10:09:53 下午 org.apache.catalina.startup.VersionLoggerListener log
信息: OS Name:               Windows 7
十月 10, 2017 10:09:53 下午 org.apache.catalina.startup.VersionLoggerListener log
信息: OS Version:            6.1
十月 10, 2017 10:09:53 下午 org.apache.catalina.startup.VersionLoggerListener log
信息: Architecture:          amd64
十月 10, 2017 10:09:53 下午 org.apache.catalina.startup.VersionLoggerListener log
信息: JAVA_HOME:             C:\Program Files\Java\jdk1.7.0_79\jre
十月 10, 2017 10:09:53 下午 org.apache.catalina.startup.VersionLoggerListener log
信息: JVM Version:           1.7.0_79-b15
十月 10, 2017 10:09:53 下午 org.apache.catalina.startup.VersionLoggerListener log
信息: JVM Vendor:            Oracle Corporation
十月 10, 2017 10:09:53 下午 org.apache.catalina.startup.VersionLoggerListener log
信息: CATALINA_BASE:         C:\Users\Administrator\Desktop\演示项目\server
十月 10, 2017 10:09:53 下午 org.apache.catalina.startup.VersionLoggerListener log
信息: CATALINA_HOME:         C:\Users\Administrator\Desktop\演示项目\server
十月 10, 2017 10:09:53 下午 org.apache.catalina.startup.VersionLoggerListener log
信息: Command line argument: -Djava.util.logging.config.file=C:\Users\Administrator\Desktop\演示项目\server\conf\logging.properties
十月 10, 2017 10:09:53 下午 org.apache.catalina.startup.VersionLoggerListener log
信息: Command line argument: -Djava.util.logging.manager=org.apache.juli.ClassLoaderLogManager
十月 10, 2017 10:09:53 下午 org.apache.catalina.startup.VersionLoggerListener log
信息: Command line argument: -Djava.endorsed.dirs=C:\Users\Administrator\Desktop\演示项目\server\endorsed
十月 10, 2017 10:09:53 下午 org.apache.catalina.startup.VersionLoggerListener log
信息: Command line argument: -Dcatalina.base=C:\Users\Administrator\Desktop\演示项目\server
十月 10, 2017 10:09:53 下午 org.apache.catalina.startup.VersionLoggerListener log
信息: Command line argument: -Dcatalina.home=C:\Users\Administrator\Desktop\演示项目\server
十月 10, 2017 10:09:53 下午 org.apache.catalina.startup.VersionLoggerListener log
信息: Command line argument: -Djava.io.tmpdir=C:\Users\Administrator\Desktop\演示项目\server\temp
十月 10, 2017 10:09:53 下午 org.apache.catalina.core.AprLifecycleListener lifecycleEvent
信息: Loaded APR based Apache Tomcat Native library 1.1.32 using APR version 1.5.1.
十月 10, 2017 10:09:53 下午 org.apache.catalina.core.AprLifecycleListener lifecycleEvent
信息: APR capabilities: IPv6 [true], sendfile [true], accept filters [false], random [true].
十月 10, 2017 10:09:54 下午 org.apache.catalina.core.AprLifecycleListener initializeSSL
信息: OpenSSL successfully initialized (OpenSSL 1.0.1j 15 Oct 2014)
十月 10, 2017 10:09:54 下午 org.apache.coyote.AbstractProtocol init
信息: Initializing ProtocolHandler ["http-apr-80"]
十月 10, 2017 10:09:54 下午 org.apache.coyote.AbstractProtocol init
信息: Initializing ProtocolHandler ["ajp-apr-8009"]
十月 10, 2017 10:09:54 下午 org.apache.catalina.startup.Catalina load
信息: Initialization processed in 1213 ms
十月 10, 2017 10:09:54 下午 org.apache.catalina.core.StandardService startInternal
信息: Starting service Catalina
十月 10, 2017 10:09:54 下午 org.apache.catalina.core.StandardEngine startInternal
信息: Starting Servlet Engine: Apache Tomcat/7.0.57
十月 10, 2017 10:09:54 下午 org.apache.catalina.startup.HostConfig deployDirectory
信息: Deploying web application directory C:\Users\Administrator\Desktop\演示项目\server\webapps\ROOT
十月 10, 2017 10:09:56 下午 org.apache.catalina.util.SessionIdGenerator createSecureRandom
信息: Creation of SecureRandom instance for session ID generation using [SHA1PRNG] took [203] milliseconds.
十月 10, 2017 10:09:56 下午 org.springframework.web.servlet.DispatcherServlet initServletBean
信息: FrameworkServlet 'SpringMVC': initialization started
十月 10, 2017 10:09:56 下午 org.springframework.web.context.support.XmlWebApplicationContext prepareRefresh
信息: Refreshing WebApplicationContext for namespace 'SpringMVC-servlet': startup date [Tue Oct 10 22:09:56 GMT+08:00 2017]; root of context hierarchy
十月 10, 2017 10:09:56 下午 org.springframework.beans.factory.xml.XmlBeanDefinitionReader loadBeanDefinitions
信息: Loading XML bean definitions from class path resource [applicationContext.xml]
十月 10, 2017 10:09:57 下午 org.springframework.web.servlet.mvc.method.annotation.RequestMappingHandlerMapping register
信息: Mapped "{[/verify]}" onto public java.lang.String com._520it.sso.controller.LoginLogOutController.verify(java.lang.String,java.lang.String,java.lang.String)
十月 10, 2017 10:09:57 下午 org.springframework.web.servlet.mvc.method.annotation.RequestMappingHandlerMapping register
信息: Mapped "{[/login]}" onto public java.lang.String com._520it.sso.controller.LoginLogOutController.login(java.lang.String,java.lang.String,java.lang.String,javax.servlet.http.HttpSession,org.springframework.ui.Model)
十月 10, 2017 10:09:57 下午 org.springframework.web.servlet.mvc.method.annotation.RequestMappingHandlerMapping register
信息: Mapped "{[/checkLogin]}" onto public java.lang.String com._520it.sso.controller.LoginLogOutController.checkLogin(java.lang.String,javax.servlet.http.HttpSession,org.springframework.ui.Model)
十月 10, 2017 10:09:57 下午 org.springframework.web.servlet.mvc.method.annotation.RequestMappingHandlerMapping register
信息: Mapped "{[/logOut]}" onto public java.lang.String com._520it.sso.controller.LoginLogOutController.logOut(javax.servlet.http.HttpSession)
十月 10, 2017 10:09:57 下午 org.springframework.web.servlet.mvc.method.annotation.RequestMappingHandlerAdapter initControllerAdviceCache
信息: Looking for @ControllerAdvice: WebApplicationContext for namespace 'SpringMVC-servlet': startup date [Tue Oct 10 22:09:56 GMT+08:00 2017]; root of context hierarchy
十月 10, 2017 10:09:57 下午 org.springframework.web.servlet.mvc.method.annotation.RequestMappingHandlerAdapter initControllerAdviceCache
信息: Looking for @ControllerAdvice: WebApplicationContext for namespace 'SpringMVC-servlet': startup date [Tue Oct 10 22:09:56 GMT+08:00 2017]; root of context hierarchy
十月 10, 2017 10:09:57 下午 org.springframework.web.servlet.handler.SimpleUrlHandlerMapping registerHandler
信息: Mapped URL path [/**] onto handler 'org.springframework.web.servlet.resource.DefaultServletHttpRequestHandler#0'
十月 10, 2017 10:09:57 下午 org.springframework.web.servlet.DispatcherServlet initServletBean
信息: FrameworkServlet 'SpringMVC': initialization completed in 1061 ms
十月 10, 2017 10:09:57 下午 org.apache.catalina.startup.HostConfig deployDirectory
信息: Deployment of web application directory C:\Users\Administrator\Desktop\演示项目\server\webapps\ROOT has finished in 2,808 ms
十月 10, 2017 10:09:57 下午 org.apache.coyote.AbstractProtocol start
信息: Starting ProtocolHandler ["http-apr-80"]
十月 10, 2017 10:09:57 下午 org.apache.coyote.AbstractProtocol start
信息: Starting ProtocolHandler ["ajp-apr-8009"]
十月 10, 2017 10:09:57 下午 org.apache.catalina.startup.Catalina start
信息: Server startup in 2864 ms
十月 10, 2017 10:10:51 下午 org.apache.coyote.AbstractProtocol pause
信息: Pausing ProtocolHandler ["http-apr-80"]
十月 10, 2017 10:10:51 下午 org.apache.coyote.AbstractProtocol pause
信息: Pausing ProtocolHandler ["ajp-apr-8009"]
十月 10, 2017 10:10:51 下午 org.apache.catalina.core.StandardService stopInternal
信息: Stopping service Catalina
十月 10, 2017 10:10:51 下午 org.springframework.web.context.support.XmlWebApplicationContext doClose
信息: Closing WebApplicationContext for namespace 'SpringMVC-servlet': startup date [Tue Oct 10 22:09:56 GMT+08:00 2017]; root of context hierarchy
十月 10, 2017 10:10:51 下午 org.apache.coyote.AbstractProtocol stop
信息: Stopping ProtocolHandler ["http-apr-80"]
十月 10, 2017 10:10:51 下午 org.apache.coyote.AbstractProtocol stop
信息: Stopping ProtocolHandler ["ajp-apr-8009"]
十月 10, 2017 10:10:51 下午 org.apache.coyote.AbstractProtocol destroy
信息: Destroying ProtocolHandler ["http-apr-80"]
十月 10, 2017 10:10:51 下午 org.apache.coyote.AbstractProtocol destroy
信息: Destroying ProtocolHandler ["ajp-apr-8009"]
