四月 15, 2018 5:59:18 下午 org.apache.catalina.startup.VersionLoggerListener log
信息: Server version:        Apache Tomcat/7.0.57
四月 15, 2018 5:59:18 下午 org.apache.catalina.startup.VersionLoggerListener log
信息: Server built:          Nov 3 2014 08:39:16 UTC
四月 15, 2018 5:59:18 下午 org.apache.catalina.startup.VersionLoggerListener log
信息: Server number:         7.0.57.0
四月 15, 2018 5:59:18 下午 org.apache.catalina.startup.VersionLoggerListener log
信息: OS Name:               Windows 7
四月 15, 2018 5:59:18 下午 org.apache.catalina.startup.VersionLoggerListener log
信息: OS Version:            6.1
四月 15, 2018 5:59:18 下午 org.apache.catalina.startup.VersionLoggerListener log
信息: Architecture:          amd64
四月 15, 2018 5:59:18 下午 org.apache.catalina.startup.VersionLoggerListener log
信息: JAVA_HOME:             C:\Program Files\Java\jdk1.8.0_144\jre
四月 15, 2018 5:59:18 下午 org.apache.catalina.startup.VersionLoggerListener log
信息: JVM Version:           1.8.0_144-b01
四月 15, 2018 5:59:18 下午 org.apache.catalina.startup.VersionLoggerListener log
信息: JVM Vendor:            Oracle Corporation
四月 15, 2018 5:59:18 下午 org.apache.catalina.startup.VersionLoggerListener log
信息: CATALINA_BASE:         C:\Users\Administrator\Desktop\SSO\资料\演示项目\server
四月 15, 2018 5:59:18 下午 org.apache.catalina.startup.VersionLoggerListener log
信息: CATALINA_HOME:         C:\Users\Administrator\Desktop\SSO\资料\演示项目\server
四月 15, 2018 5:59:18 下午 org.apache.catalina.startup.VersionLoggerListener log
信息: Command line argument: -Djava.util.logging.config.file=C:\Users\Administrator\Desktop\SSO\资料\演示项目\server\conf\logging.properties
四月 15, 2018 5:59:18 下午 org.apache.catalina.startup.VersionLoggerListener log
信息: Command line argument: -Djava.util.logging.manager=org.apache.juli.ClassLoaderLogManager
四月 15, 2018 5:59:18 下午 org.apache.catalina.startup.VersionLoggerListener log
信息: Command line argument: -Djava.endorsed.dirs=C:\Users\Administrator\Desktop\SSO\资料\演示项目\server\endorsed
四月 15, 2018 5:59:18 下午 org.apache.catalina.startup.VersionLoggerListener log
信息: Command line argument: -Dcatalina.base=C:\Users\Administrator\Desktop\SSO\资料\演示项目\server
四月 15, 2018 5:59:18 下午 org.apache.catalina.startup.VersionLoggerListener log
信息: Command line argument: -Dcatalina.home=C:\Users\Administrator\Desktop\SSO\资料\演示项目\server
四月 15, 2018 5:59:18 下午 org.apache.catalina.startup.VersionLoggerListener log
信息: Command line argument: -Djava.io.tmpdir=C:\Users\Administrator\Desktop\SSO\资料\演示项目\server\temp
四月 15, 2018 5:59:18 下午 org.apache.catalina.core.AprLifecycleListener lifecycleEvent
信息: Loaded APR based Apache Tomcat Native library 1.1.32 using APR version 1.5.1.
四月 15, 2018 5:59:18 下午 org.apache.catalina.core.AprLifecycleListener lifecycleEvent
信息: APR capabilities: IPv6 [true], sendfile [true], accept filters [false], random [true].
四月 15, 2018 5:59:19 下午 org.apache.catalina.core.AprLifecycleListener initializeSSL
信息: OpenSSL successfully initialized (OpenSSL 1.0.1j 15 Oct 2014)
四月 15, 2018 5:59:19 下午 org.apache.coyote.AbstractProtocol init
信息: Initializing ProtocolHandler ["http-apr-8443"]
四月 15, 2018 5:59:19 下午 org.apache.coyote.AbstractProtocol init
严重: Failed to initialize end point associated with ProtocolHandler ["http-apr-8443"]
java.lang.Exception: Socket bind failed: [730013] ???????????????í????×??????・??????×?
	at org.apache.tomcat.util.net.AprEndpoint.bind(AprEndpoint.java:453)
	at org.apache.tomcat.util.net.AbstractEndpoint.init(AbstractEndpoint.java:646)
	at org.apache.coyote.AbstractProtocol.init(AbstractProtocol.java:434)
	at org.apache.catalina.connector.Connector.initInternal(Connector.java:978)
	at org.apache.catalina.util.LifecycleBase.init(LifecycleBase.java:102)
	at org.apache.catalina.core.StandardService.initInternal(StandardService.java:559)
	at org.apache.catalina.util.LifecycleBase.init(LifecycleBase.java:102)
	at org.apache.catalina.core.StandardServer.initInternal(StandardServer.java:821)
	at org.apache.catalina.util.LifecycleBase.init(LifecycleBase.java:102)
	at org.apache.catalina.startup.Catalina.load(Catalina.java:638)
	at org.apache.catalina.startup.Catalina.load(Catalina.java:663)
	at sun.reflect.NativeMethodAccessorImpl.invoke0(Native Method)
	at sun.reflect.NativeMethodAccessorImpl.invoke(NativeMethodAccessorImpl.java:62)
	at sun.reflect.DelegatingMethodAccessorImpl.invoke(DelegatingMethodAccessorImpl.java:43)
	at java.lang.reflect.Method.invoke(Method.java:498)
	at org.apache.catalina.startup.Bootstrap.load(Bootstrap.java:280)
	at org.apache.catalina.startup.Bootstrap.main(Bootstrap.java:454)

四月 15, 2018 5:59:19 下午 org.apache.catalina.core.StandardService initInternal
严重: Failed to initialize connector [Connector[HTTP/1.1-8443]]
org.apache.catalina.LifecycleException: Failed to initialize component [Connector[HTTP/1.1-8443]]
	at org.apache.catalina.util.LifecycleBase.init(LifecycleBase.java:106)
	at org.apache.catalina.core.StandardService.initInternal(StandardService.java:559)
	at org.apache.catalina.util.LifecycleBase.init(LifecycleBase.java:102)
	at org.apache.catalina.core.StandardServer.initInternal(StandardServer.java:821)
	at org.apache.catalina.util.LifecycleBase.init(LifecycleBase.java:102)
	at org.apache.catalina.startup.Catalina.load(Catalina.java:638)
	at org.apache.catalina.startup.Catalina.load(Catalina.java:663)
	at sun.reflect.NativeMethodAccessorImpl.invoke0(Native Method)
	at sun.reflect.NativeMethodAccessorImpl.invoke(NativeMethodAccessorImpl.java:62)
	at sun.reflect.DelegatingMethodAccessorImpl.invoke(DelegatingMethodAccessorImpl.java:43)
	at java.lang.reflect.Method.invoke(Method.java:498)
	at org.apache.catalina.startup.Bootstrap.load(Bootstrap.java:280)
	at org.apache.catalina.startup.Bootstrap.main(Bootstrap.java:454)
Caused by: org.apache.catalina.LifecycleException: Protocol handler initialization failed
	at org.apache.catalina.connector.Connector.initInternal(Connector.java:980)
	at org.apache.catalina.util.LifecycleBase.init(LifecycleBase.java:102)
	... 12 more
Caused by: java.lang.Exception: Socket bind failed: [730013] ???????????????í????×??????・??????×?
	at org.apache.tomcat.util.net.AprEndpoint.bind(AprEndpoint.java:453)
	at org.apache.tomcat.util.net.AbstractEndpoint.init(AbstractEndpoint.java:646)
	at org.apache.coyote.AbstractProtocol.init(AbstractProtocol.java:434)
	at org.apache.catalina.connector.Connector.initInternal(Connector.java:978)
	... 13 more

四月 15, 2018 5:59:19 下午 org.apache.coyote.AbstractProtocol init
信息: Initializing ProtocolHandler ["ajp-apr-8009"]
四月 15, 2018 5:59:19 下午 org.apache.catalina.startup.Catalina load
信息: Initialization processed in 1596 ms
四月 15, 2018 5:59:19 下午 org.apache.catalina.core.StandardService startInternal
信息: Starting service Catalina
四月 15, 2018 5:59:19 下午 org.apache.catalina.core.StandardEngine startInternal
信息: Starting Servlet Engine: Apache Tomcat/7.0.57
四月 15, 2018 5:59:19 下午 org.apache.catalina.startup.HostConfig deployDirectory
信息: Deploying web application directory C:\Users\Administrator\Desktop\SSO\资料\演示项目\server\webapps\ROOT
四月 15, 2018 5:59:21 下午 org.apache.catalina.util.SessionIdGenerator createSecureRandom
信息: Creation of SecureRandom instance for session ID generation using [SHA1PRNG] took [455] milliseconds.
四月 15, 2018 5:59:21 下午 org.springframework.web.servlet.DispatcherServlet initServletBean
信息: FrameworkServlet 'SpringMVC': initialization started
四月 15, 2018 5:59:21 下午 org.springframework.web.context.support.XmlWebApplicationContext prepareRefresh
信息: Refreshing WebApplicationContext for namespace 'SpringMVC-servlet': startup date [Sun Apr 15 17:59:21 GMT+08:00 2018]; root of context hierarchy
四月 15, 2018 5:59:21 下午 org.springframework.beans.factory.xml.XmlBeanDefinitionReader loadBeanDefinitions
信息: Loading XML bean definitions from class path resource [applicationContext.xml]
四月 15, 2018 5:59:22 下午 org.springframework.web.servlet.mvc.method.annotation.RequestMappingHandlerMapping register
信息: Mapped "{[/verify]}" onto public java.lang.String cn.wolfcode.sso.controller.SSOServerController.verify(java.lang.String,java.lang.String,java.lang.String)
四月 15, 2018 5:59:22 下午 org.springframework.web.servlet.mvc.method.annotation.RequestMappingHandlerMapping register
信息: Mapped "{[/login]}" onto public java.lang.String cn.wolfcode.sso.controller.SSOServerController.login(java.lang.String,java.lang.String,java.lang.String,javax.servlet.http.HttpSession,org.springframework.ui.Model)
四月 15, 2018 5:59:22 下午 org.springframework.web.servlet.mvc.method.annotation.RequestMappingHandlerMapping register
信息: Mapped "{[/checkLogin]}" onto public java.lang.String cn.wolfcode.sso.controller.SSOServerController.checkLogin(java.lang.String,javax.servlet.http.HttpSession,org.springframework.ui.Model)
四月 15, 2018 5:59:22 下午 org.springframework.web.servlet.mvc.method.annotation.RequestMappingHandlerMapping register
信息: Mapped "{[/logOut]}" onto public java.lang.String cn.wolfcode.sso.controller.SSOServerController.logOut(javax.servlet.http.HttpSession)
四月 15, 2018 5:59:22 下午 org.springframework.web.servlet.mvc.method.annotation.RequestMappingHandlerAdapter initControllerAdviceCache
信息: Looking for @ControllerAdvice: WebApplicationContext for namespace 'SpringMVC-servlet': startup date [Sun Apr 15 17:59:21 GMT+08:00 2018]; root of context hierarchy
四月 15, 2018 5:59:22 下午 org.springframework.web.servlet.mvc.method.annotation.RequestMappingHandlerAdapter initControllerAdviceCache
信息: Looking for @ControllerAdvice: WebApplicationContext for namespace 'SpringMVC-servlet': startup date [Sun Apr 15 17:59:21 GMT+08:00 2018]; root of context hierarchy
四月 15, 2018 5:59:22 下午 org.springframework.web.servlet.handler.SimpleUrlHandlerMapping registerHandler
信息: Mapped URL path [/**] onto handler 'org.springframework.web.servlet.resource.DefaultServletHttpRequestHandler#0'
四月 15, 2018 5:59:23 下午 org.springframework.web.servlet.DispatcherServlet initServletBean
信息: FrameworkServlet 'SpringMVC': initialization completed in 1386 ms
四月 15, 2018 5:59:23 下午 org.apache.catalina.startup.HostConfig deployDirectory
信息: Deployment of web application directory C:\Users\Administrator\Desktop\SSO\资料\演示项目\server\webapps\ROOT has finished in 3,325 ms
四月 15, 2018 5:59:23 下午 org.apache.coyote.AbstractProtocol start
信息: Starting ProtocolHandler ["ajp-apr-8009"]
四月 15, 2018 5:59:23 下午 org.apache.catalina.startup.Catalina start
信息: Server startup in 3392 ms
四月 15, 2018 5:59:35 下午 org.apache.coyote.AbstractProtocol pause
信息: Pausing ProtocolHandler ["http-apr-8443"]
四月 15, 2018 5:59:35 下午 org.apache.coyote.AbstractProtocol pause
信息: Pausing ProtocolHandler ["ajp-apr-8009"]
四月 15, 2018 5:59:35 下午 org.apache.catalina.core.StandardService stopInternal
信息: Stopping service Catalina
四月 15, 2018 5:59:35 下午 org.springframework.web.context.support.XmlWebApplicationContext doClose
信息: Closing WebApplicationContext for namespace 'SpringMVC-servlet': startup date [Sun Apr 15 17:59:21 GMT+08:00 2018]; root of context hierarchy
四月 15, 2018 5:59:35 下午 org.apache.coyote.AbstractProtocol stop
信息: Stopping ProtocolHandler ["ajp-apr-8009"]
四月 15, 2018 5:59:35 下午 org.apache.coyote.AbstractProtocol stop
信息: Stopping ProtocolHandler ["http-apr-8443"]
四月 15, 2018 5:59:35 下午 org.apache.coyote.AbstractProtocol destroy
信息: Destroying ProtocolHandler ["http-apr-8443"]
四月 15, 2018 5:59:35 下午 org.apache.coyote.AbstractProtocol destroy
信息: Destroying ProtocolHandler ["ajp-apr-8009"]
四月 15, 2018 6:00:10 下午 org.apache.catalina.startup.VersionLoggerListener log
信息: Server version:        Apache Tomcat/7.0.57
四月 15, 2018 6:00:10 下午 org.apache.catalina.startup.VersionLoggerListener log
信息: Server built:          Nov 3 2014 08:39:16 UTC
四月 15, 2018 6:00:10 下午 org.apache.catalina.startup.VersionLoggerListener log
信息: Server number:         7.0.57.0
四月 15, 2018 6:00:10 下午 org.apache.catalina.startup.VersionLoggerListener log
信息: OS Name:               Windows 7
四月 15, 2018 6:00:10 下午 org.apache.catalina.startup.VersionLoggerListener log
信息: OS Version:            6.1
四月 15, 2018 6:00:10 下午 org.apache.catalina.startup.VersionLoggerListener log
信息: Architecture:          amd64
四月 15, 2018 6:00:10 下午 org.apache.catalina.startup.VersionLoggerListener log
信息: JAVA_HOME:             C:\Program Files\Java\jdk1.8.0_144\jre
四月 15, 2018 6:00:10 下午 org.apache.catalina.startup.VersionLoggerListener log
信息: JVM Version:           1.8.0_144-b01
四月 15, 2018 6:00:10 下午 org.apache.catalina.startup.VersionLoggerListener log
信息: JVM Vendor:            Oracle Corporation
四月 15, 2018 6:00:10 下午 org.apache.catalina.startup.VersionLoggerListener log
信息: CATALINA_BASE:         C:\Users\Administrator\Desktop\SSO\资料\演示项目\server
四月 15, 2018 6:00:10 下午 org.apache.catalina.startup.VersionLoggerListener log
信息: CATALINA_HOME:         C:\Users\Administrator\Desktop\SSO\资料\演示项目\server
四月 15, 2018 6:00:10 下午 org.apache.catalina.startup.VersionLoggerListener log
信息: Command line argument: -Djava.util.logging.config.file=C:\Users\Administrator\Desktop\SSO\资料\演示项目\server\conf\logging.properties
四月 15, 2018 6:00:10 下午 org.apache.catalina.startup.VersionLoggerListener log
信息: Command line argument: -Djava.util.logging.manager=org.apache.juli.ClassLoaderLogManager
四月 15, 2018 6:00:10 下午 org.apache.catalina.startup.VersionLoggerListener log
信息: Command line argument: -Djava.endorsed.dirs=C:\Users\Administrator\Desktop\SSO\资料\演示项目\server\endorsed
四月 15, 2018 6:00:10 下午 org.apache.catalina.startup.VersionLoggerListener log
信息: Command line argument: -Dcatalina.base=C:\Users\Administrator\Desktop\SSO\资料\演示项目\server
四月 15, 2018 6:00:10 下午 org.apache.catalina.startup.VersionLoggerListener log
信息: Command line argument: -Dcatalina.home=C:\Users\Administrator\Desktop\SSO\资料\演示项目\server
四月 15, 2018 6:00:10 下午 org.apache.catalina.startup.VersionLoggerListener log
信息: Command line argument: -Djava.io.tmpdir=C:\Users\Administrator\Desktop\SSO\资料\演示项目\server\temp
四月 15, 2018 6:00:10 下午 org.apache.catalina.core.AprLifecycleListener lifecycleEvent
信息: Loaded APR based Apache Tomcat Native library 1.1.32 using APR version 1.5.1.
四月 15, 2018 6:00:10 下午 org.apache.catalina.core.AprLifecycleListener lifecycleEvent
信息: APR capabilities: IPv6 [true], sendfile [true], accept filters [false], random [true].
四月 15, 2018 6:00:11 下午 org.apache.catalina.core.AprLifecycleListener initializeSSL
信息: OpenSSL successfully initialized (OpenSSL 1.0.1j 15 Oct 2014)
四月 15, 2018 6:00:11 下午 org.apache.coyote.AbstractProtocol init
信息: Initializing ProtocolHandler ["http-apr-8443"]
四月 15, 2018 6:00:11 下午 org.apache.coyote.AbstractProtocol init
信息: Initializing ProtocolHandler ["ajp-apr-8009"]
四月 15, 2018 6:00:11 下午 org.apache.catalina.startup.Catalina load
信息: Initialization processed in 1396 ms
四月 15, 2018 6:00:11 下午 org.apache.catalina.core.StandardService startInternal
信息: Starting service Catalina
四月 15, 2018 6:00:11 下午 org.apache.catalina.core.StandardEngine startInternal
信息: Starting Servlet Engine: Apache Tomcat/7.0.57
四月 15, 2018 6:00:11 下午 org.apache.catalina.startup.HostConfig deployDirectory
信息: Deploying web application directory C:\Users\Administrator\Desktop\SSO\资料\演示项目\server\webapps\ROOT
四月 15, 2018 6:00:13 下午 org.apache.catalina.util.SessionIdGenerator createSecureRandom
信息: Creation of SecureRandom instance for session ID generation using [SHA1PRNG] took [495] milliseconds.
四月 15, 2018 6:00:13 下午 org.springframework.web.servlet.DispatcherServlet initServletBean
信息: FrameworkServlet 'SpringMVC': initialization started
四月 15, 2018 6:00:13 下午 org.springframework.web.context.support.XmlWebApplicationContext prepareRefresh
信息: Refreshing WebApplicationContext for namespace 'SpringMVC-servlet': startup date [Sun Apr 15 18:00:13 GMT+08:00 2018]; root of context hierarchy
四月 15, 2018 6:00:13 下午 org.springframework.beans.factory.xml.XmlBeanDefinitionReader loadBeanDefinitions
信息: Loading XML bean definitions from class path resource [applicationContext.xml]
四月 15, 2018 6:00:14 下午 org.springframework.web.servlet.mvc.method.annotation.RequestMappingHandlerMapping register
信息: Mapped "{[/verify]}" onto public java.lang.String cn.wolfcode.sso.controller.SSOServerController.verify(java.lang.String,java.lang.String,java.lang.String)
四月 15, 2018 6:00:14 下午 org.springframework.web.servlet.mvc.method.annotation.RequestMappingHandlerMapping register
信息: Mapped "{[/login]}" onto public java.lang.String cn.wolfcode.sso.controller.SSOServerController.login(java.lang.String,java.lang.String,java.lang.String,javax.servlet.http.HttpSession,org.springframework.ui.Model)
四月 15, 2018 6:00:14 下午 org.springframework.web.servlet.mvc.method.annotation.RequestMappingHandlerMapping register
信息: Mapped "{[/checkLogin]}" onto public java.lang.String cn.wolfcode.sso.controller.SSOServerController.checkLogin(java.lang.String,javax.servlet.http.HttpSession,org.springframework.ui.Model)
四月 15, 2018 6:00:14 下午 org.springframework.web.servlet.mvc.method.annotation.RequestMappingHandlerMapping register
信息: Mapped "{[/logOut]}" onto public java.lang.String cn.wolfcode.sso.controller.SSOServerController.logOut(javax.servlet.http.HttpSession)
四月 15, 2018 6:00:14 下午 org.springframework.web.servlet.mvc.method.annotation.RequestMappingHandlerAdapter initControllerAdviceCache
信息: Looking for @ControllerAdvice: WebApplicationContext for namespace 'SpringMVC-servlet': startup date [Sun Apr 15 18:00:13 GMT+08:00 2018]; root of context hierarchy
四月 15, 2018 6:00:14 下午 org.springframework.web.servlet.mvc.method.annotation.RequestMappingHandlerAdapter initControllerAdviceCache
信息: Looking for @ControllerAdvice: WebApplicationContext for namespace 'SpringMVC-servlet': startup date [Sun Apr 15 18:00:13 GMT+08:00 2018]; root of context hierarchy
四月 15, 2018 6:00:14 下午 org.springframework.web.servlet.handler.SimpleUrlHandlerMapping registerHandler
信息: Mapped URL path [/**] onto handler 'org.springframework.web.servlet.resource.DefaultServletHttpRequestHandler#0'
四月 15, 2018 6:00:14 下午 org.springframework.web.servlet.DispatcherServlet initServletBean
信息: FrameworkServlet 'SpringMVC': initialization completed in 1351 ms
四月 15, 2018 6:00:14 下午 org.apache.catalina.startup.HostConfig deployDirectory
信息: Deployment of web application directory C:\Users\Administrator\Desktop\SSO\资料\演示项目\server\webapps\ROOT has finished in 3,305 ms
四月 15, 2018 6:00:14 下午 org.apache.coyote.AbstractProtocol start
信息: Starting ProtocolHandler ["http-apr-8443"]
四月 15, 2018 6:00:14 下午 org.apache.coyote.AbstractProtocol start
信息: Starting ProtocolHandler ["ajp-apr-8009"]
四月 15, 2018 6:00:14 下午 org.apache.catalina.startup.Catalina start
信息: Server startup in 3370 ms
四月 15, 2018 6:00:18 下午 org.apache.coyote.AbstractProtocol pause
信息: Pausing ProtocolHandler ["http-apr-8443"]
四月 15, 2018 6:00:18 下午 org.apache.coyote.AbstractProtocol pause
信息: Pausing ProtocolHandler ["ajp-apr-8009"]
四月 15, 2018 6:00:18 下午 org.apache.catalina.core.StandardService stopInternal
信息: Stopping service Catalina
四月 15, 2018 6:00:18 下午 org.springframework.web.context.support.XmlWebApplicationContext doClose
信息: Closing WebApplicationContext for namespace 'SpringMVC-servlet': startup date [Sun Apr 15 18:00:13 GMT+08:00 2018]; root of context hierarchy
四月 15, 2018 6:00:18 下午 org.apache.coyote.AbstractProtocol stop
信息: Stopping ProtocolHandler ["http-apr-8443"]
四月 15, 2018 6:00:19 下午 org.apache.coyote.AbstractProtocol stop
信息: Stopping ProtocolHandler ["ajp-apr-8009"]
四月 15, 2018 6:00:19 下午 org.apache.coyote.AbstractProtocol destroy
信息: Destroying ProtocolHandler ["http-apr-8443"]
四月 15, 2018 6:00:19 下午 org.apache.coyote.AbstractProtocol destroy
信息: Destroying ProtocolHandler ["ajp-apr-8009"]
四月 15, 2018 6:01:12 下午 org.apache.catalina.startup.VersionLoggerListener log
信息: Server version:        Apache Tomcat/7.0.57
四月 15, 2018 6:01:12 下午 org.apache.catalina.startup.VersionLoggerListener log
信息: Server built:          Nov 3 2014 08:39:16 UTC
四月 15, 2018 6:01:12 下午 org.apache.catalina.startup.VersionLoggerListener log
信息: Server number:         7.0.57.0
四月 15, 2018 6:01:12 下午 org.apache.catalina.startup.VersionLoggerListener log
信息: OS Name:               Windows 7
四月 15, 2018 6:01:12 下午 org.apache.catalina.startup.VersionLoggerListener log
信息: OS Version:            6.1
四月 15, 2018 6:01:12 下午 org.apache.catalina.startup.VersionLoggerListener log
信息: Architecture:          amd64
四月 15, 2018 6:01:12 下午 org.apache.catalina.startup.VersionLoggerListener log
信息: JAVA_HOME:             C:\Program Files\Java\jdk1.8.0_144\jre
四月 15, 2018 6:01:12 下午 org.apache.catalina.startup.VersionLoggerListener log
信息: JVM Version:           1.8.0_144-b01
四月 15, 2018 6:01:12 下午 org.apache.catalina.startup.VersionLoggerListener log
信息: JVM Vendor:            Oracle Corporation
四月 15, 2018 6:01:12 下午 org.apache.catalina.startup.VersionLoggerListener log
信息: CATALINA_BASE:         C:\Users\Administrator\Desktop\SSO\资料\演示项目\server
四月 15, 2018 6:01:12 下午 org.apache.catalina.startup.VersionLoggerListener log
信息: CATALINA_HOME:         C:\Users\Administrator\Desktop\SSO\资料\演示项目\server
四月 15, 2018 6:01:12 下午 org.apache.catalina.startup.VersionLoggerListener log
信息: Command line argument: -Djava.util.logging.config.file=C:\Users\Administrator\Desktop\SSO\资料\演示项目\server\conf\logging.properties
四月 15, 2018 6:01:12 下午 org.apache.catalina.startup.VersionLoggerListener log
信息: Command line argument: -Djava.util.logging.manager=org.apache.juli.ClassLoaderLogManager
四月 15, 2018 6:01:12 下午 org.apache.catalina.startup.VersionLoggerListener log
信息: Command line argument: -Djava.endorsed.dirs=C:\Users\Administrator\Desktop\SSO\资料\演示项目\server\endorsed
四月 15, 2018 6:01:12 下午 org.apache.catalina.startup.VersionLoggerListener log
信息: Command line argument: -Dcatalina.base=C:\Users\Administrator\Desktop\SSO\资料\演示项目\server
四月 15, 2018 6:01:12 下午 org.apache.catalina.startup.VersionLoggerListener log
信息: Command line argument: -Dcatalina.home=C:\Users\Administrator\Desktop\SSO\资料\演示项目\server
四月 15, 2018 6:01:12 下午 org.apache.catalina.startup.VersionLoggerListener log
信息: Command line argument: -Djava.io.tmpdir=C:\Users\Administrator\Desktop\SSO\资料\演示项目\server\temp
四月 15, 2018 6:01:12 下午 org.apache.catalina.core.AprLifecycleListener lifecycleEvent
信息: Loaded APR based Apache Tomcat Native library 1.1.32 using APR version 1.5.1.
四月 15, 2018 6:01:12 下午 org.apache.catalina.core.AprLifecycleListener lifecycleEvent
信息: APR capabilities: IPv6 [true], sendfile [true], accept filters [false], random [true].
四月 15, 2018 6:01:13 下午 org.apache.catalina.core.AprLifecycleListener initializeSSL
信息: OpenSSL successfully initialized (OpenSSL 1.0.1j 15 Oct 2014)
四月 15, 2018 6:01:13 下午 org.apache.coyote.AbstractProtocol init
信息: Initializing ProtocolHandler ["http-apr-8443"]
四月 15, 2018 6:01:13 下午 org.apache.coyote.AbstractProtocol init
信息: Initializing ProtocolHandler ["ajp-apr-8009"]
四月 15, 2018 6:01:13 下午 org.apache.catalina.startup.Catalina load
信息: Initialization processed in 1459 ms
四月 15, 2018 6:01:13 下午 org.apache.catalina.core.StandardService startInternal
信息: Starting service Catalina
四月 15, 2018 6:01:13 下午 org.apache.catalina.core.StandardEngine startInternal
信息: Starting Servlet Engine: Apache Tomcat/7.0.57
四月 15, 2018 6:01:13 下午 org.apache.catalina.startup.HostConfig deployDirectory
信息: Deploying web application directory C:\Users\Administrator\Desktop\SSO\资料\演示项目\server\webapps\ROOT
四月 15, 2018 6:01:15 下午 org.apache.catalina.util.SessionIdGenerator createSecureRandom
信息: Creation of SecureRandom instance for session ID generation using [SHA1PRNG] took [492] milliseconds.
四月 15, 2018 6:01:15 下午 org.springframework.web.servlet.DispatcherServlet initServletBean
信息: FrameworkServlet 'SpringMVC': initialization started
四月 15, 2018 6:01:15 下午 org.springframework.web.context.support.XmlWebApplicationContext prepareRefresh
信息: Refreshing WebApplicationContext for namespace 'SpringMVC-servlet': startup date [Sun Apr 15 18:01:15 GMT+08:00 2018]; root of context hierarchy
四月 15, 2018 6:01:15 下午 org.springframework.beans.factory.xml.XmlBeanDefinitionReader loadBeanDefinitions
信息: Loading XML bean definitions from class path resource [applicationContext.xml]
四月 15, 2018 6:01:16 下午 org.springframework.web.servlet.mvc.method.annotation.RequestMappingHandlerMapping register
信息: Mapped "{[/verify]}" onto public java.lang.String cn.wolfcode.sso.controller.SSOServerController.verify(java.lang.String,java.lang.String,java.lang.String)
四月 15, 2018 6:01:16 下午 org.springframework.web.servlet.mvc.method.annotation.RequestMappingHandlerMapping register
信息: Mapped "{[/login]}" onto public java.lang.String cn.wolfcode.sso.controller.SSOServerController.login(java.lang.String,java.lang.String,java.lang.String,javax.servlet.http.HttpSession,org.springframework.ui.Model)
四月 15, 2018 6:01:16 下午 org.springframework.web.servlet.mvc.method.annotation.RequestMappingHandlerMapping register
信息: Mapped "{[/checkLogin]}" onto public java.lang.String cn.wolfcode.sso.controller.SSOServerController.checkLogin(java.lang.String,javax.servlet.http.HttpSession,org.springframework.ui.Model)
四月 15, 2018 6:01:16 下午 org.springframework.web.servlet.mvc.method.annotation.RequestMappingHandlerMapping register
信息: Mapped "{[/logOut]}" onto public java.lang.String cn.wolfcode.sso.controller.SSOServerController.logOut(javax.servlet.http.HttpSession)
四月 15, 2018 6:01:16 下午 org.springframework.web.servlet.mvc.method.annotation.RequestMappingHandlerAdapter initControllerAdviceCache
信息: Looking for @ControllerAdvice: WebApplicationContext for namespace 'SpringMVC-servlet': startup date [Sun Apr 15 18:01:15 GMT+08:00 2018]; root of context hierarchy
四月 15, 2018 6:01:16 下午 org.springframework.web.servlet.mvc.method.annotation.RequestMappingHandlerAdapter initControllerAdviceCache
信息: Looking for @ControllerAdvice: WebApplicationContext for namespace 'SpringMVC-servlet': startup date [Sun Apr 15 18:01:15 GMT+08:00 2018]; root of context hierarchy
四月 15, 2018 6:01:16 下午 org.springframework.web.servlet.handler.SimpleUrlHandlerMapping registerHandler
信息: Mapped URL path [/**] onto handler 'org.springframework.web.servlet.resource.DefaultServletHttpRequestHandler#0'
四月 15, 2018 6:01:17 下午 org.springframework.web.servlet.DispatcherServlet initServletBean
信息: FrameworkServlet 'SpringMVC': initialization completed in 1312 ms
四月 15, 2018 6:01:17 下午 org.apache.catalina.startup.HostConfig deployDirectory
信息: Deployment of web application directory C:\Users\Administrator\Desktop\SSO\资料\演示项目\server\webapps\ROOT has finished in 3,337 ms
四月 15, 2018 6:01:17 下午 org.apache.coyote.AbstractProtocol start
信息: Starting ProtocolHandler ["http-apr-8443"]
四月 15, 2018 6:01:17 下午 org.apache.coyote.AbstractProtocol start
信息: Starting ProtocolHandler ["ajp-apr-8009"]
四月 15, 2018 6:01:17 下午 org.apache.catalina.startup.Catalina start
信息: Server startup in 3407 ms
四月 15, 2018 6:02:59 下午 org.apache.coyote.AbstractProtocol pause
信息: Pausing ProtocolHandler ["http-apr-8443"]
四月 15, 2018 6:02:59 下午 org.apache.coyote.AbstractProtocol pause
信息: Pausing ProtocolHandler ["ajp-apr-8009"]
四月 15, 2018 6:03:00 下午 org.apache.catalina.core.StandardService stopInternal
信息: Stopping service Catalina
四月 15, 2018 6:03:00 下午 org.springframework.web.context.support.XmlWebApplicationContext doClose
信息: Closing WebApplicationContext for namespace 'SpringMVC-servlet': startup date [Sun Apr 15 18:01:15 GMT+08:00 2018]; root of context hierarchy
四月 15, 2018 6:03:00 下午 org.apache.coyote.AbstractProtocol stop
信息: Stopping ProtocolHandler ["http-apr-8443"]
四月 15, 2018 6:03:00 下午 org.apache.coyote.AbstractProtocol stop
信息: Stopping ProtocolHandler ["ajp-apr-8009"]
四月 15, 2018 6:03:00 下午 org.apache.coyote.AbstractProtocol destroy
信息: Destroying ProtocolHandler ["http-apr-8443"]
四月 15, 2018 6:03:00 下午 org.apache.coyote.AbstractProtocol destroy
信息: Destroying ProtocolHandler ["ajp-apr-8009"]
