十月 11, 2017 9:29:17 上午 org.apache.catalina.startup.VersionLoggerListener log
信息: Server version:        Apache Tomcat/7.0.57
十月 11, 2017 9:29:17 上午 org.apache.catalina.startup.VersionLoggerListener log
信息: Server built:          Nov 3 2014 08:39:16 UTC
十月 11, 2017 9:29:17 上午 org.apache.catalina.startup.VersionLoggerListener log
信息: Server number:         7.0.57.0
十月 11, 2017 9:29:17 上午 org.apache.catalina.startup.VersionLoggerListener log
信息: OS Name:               Windows 7
十月 11, 2017 9:29:17 上午 org.apache.catalina.startup.VersionLoggerListener log
信息: OS Version:            6.1
十月 11, 2017 9:29:17 上午 org.apache.catalina.startup.VersionLoggerListener log
信息: Architecture:          amd64
十月 11, 2017 9:29:17 上午 org.apache.catalina.startup.VersionLoggerListener log
信息: JAVA_HOME:             E:\java\jdk1.7.0_79\jre
十月 11, 2017 9:29:17 上午 org.apache.catalina.startup.VersionLoggerListener log
信息: JVM Version:           1.7.0_79-b15
十月 11, 2017 9:29:17 上午 org.apache.catalina.startup.VersionLoggerListener log
信息: JVM Vendor:            Oracle Corporation
十月 11, 2017 9:29:17 上午 org.apache.catalina.startup.VersionLoggerListener log
信息: CATALINA_BASE:         D:\lanxw\07_SSO\资料\演示项目\server
十月 11, 2017 9:29:17 上午 org.apache.catalina.startup.VersionLoggerListener log
信息: CATALINA_HOME:         D:\lanxw\07_SSO\资料\演示项目\server
十月 11, 2017 9:29:17 上午 org.apache.catalina.startup.VersionLoggerListener log
信息: Command line argument: -Djava.util.logging.config.file=D:\lanxw\07_SSO\资料\演示项目\server\conf\logging.properties
十月 11, 2017 9:29:17 上午 org.apache.catalina.startup.VersionLoggerListener log
信息: Command line argument: -Djava.util.logging.manager=org.apache.juli.ClassLoaderLogManager
十月 11, 2017 9:29:17 上午 org.apache.catalina.startup.VersionLoggerListener log
信息: Command line argument: -Djava.endorsed.dirs=D:\lanxw\07_SSO\资料\演示项目\server\endorsed
十月 11, 2017 9:29:17 上午 org.apache.catalina.startup.VersionLoggerListener log
信息: Command line argument: -Dcatalina.base=D:\lanxw\07_SSO\资料\演示项目\server
十月 11, 2017 9:29:17 上午 org.apache.catalina.startup.VersionLoggerListener log
信息: Command line argument: -Dcatalina.home=D:\lanxw\07_SSO\资料\演示项目\server
十月 11, 2017 9:29:17 上午 org.apache.catalina.startup.VersionLoggerListener log
信息: Command line argument: -Djava.io.tmpdir=D:\lanxw\07_SSO\资料\演示项目\server\temp
十月 11, 2017 9:29:17 上午 org.apache.catalina.core.AprLifecycleListener lifecycleEvent
信息: Loaded APR based Apache Tomcat Native library 1.1.32 using APR version 1.5.1.
十月 11, 2017 9:29:17 上午 org.apache.catalina.core.AprLifecycleListener lifecycleEvent
信息: APR capabilities: IPv6 [true], sendfile [true], accept filters [false], random [true].
十月 11, 2017 9:29:18 上午 org.apache.catalina.core.AprLifecycleListener initializeSSL
信息: OpenSSL successfully initialized (OpenSSL 1.0.1j 15 Oct 2014)
十月 11, 2017 9:29:18 上午 org.apache.coyote.AbstractProtocol init
信息: Initializing ProtocolHandler ["http-apr-80"]
十月 11, 2017 9:29:18 上午 org.apache.coyote.AbstractProtocol init
信息: Initializing ProtocolHandler ["ajp-apr-8009"]
十月 11, 2017 9:29:18 上午 org.apache.catalina.startup.Catalina load
信息: Initialization processed in 1141 ms
十月 11, 2017 9:29:18 上午 org.apache.catalina.core.StandardService startInternal
信息: Starting service Catalina
十月 11, 2017 9:29:18 上午 org.apache.catalina.core.StandardEngine startInternal
信息: Starting Servlet Engine: Apache Tomcat/7.0.57
十月 11, 2017 9:29:18 上午 org.apache.catalina.startup.HostConfig deployDirectory
信息: Deploying web application directory D:\lanxw\07_SSO\资料\演示项目\server\webapps\ROOT
十月 11, 2017 9:29:19 上午 org.springframework.web.servlet.DispatcherServlet initServletBean
信息: FrameworkServlet 'SpringMVC': initialization started
十月 11, 2017 9:29:19 上午 org.springframework.web.context.support.XmlWebApplicationContext prepareRefresh
信息: Refreshing WebApplicationContext for namespace 'SpringMVC-servlet': startup date [Wed Oct 11 09:29:19 CST 2017]; root of context hierarchy
十月 11, 2017 9:29:19 上午 org.springframework.beans.factory.xml.XmlBeanDefinitionReader loadBeanDefinitions
信息: Loading XML bean definitions from class path resource [applicationContext.xml]
十月 11, 2017 9:29:20 上午 org.springframework.web.servlet.mvc.method.annotation.RequestMappingHandlerMapping register
信息: Mapped "{[/verify]}" onto public java.lang.String com._520it.sso.controller.LoginLogOutController.verify(java.lang.String,java.lang.String,java.lang.String)
十月 11, 2017 9:29:20 上午 org.springframework.web.servlet.mvc.method.annotation.RequestMappingHandlerMapping register
信息: Mapped "{[/login]}" onto public java.lang.String com._520it.sso.controller.LoginLogOutController.login(java.lang.String,java.lang.String,java.lang.String,javax.servlet.http.HttpSession,org.springframework.ui.Model)
十月 11, 2017 9:29:20 上午 org.springframework.web.servlet.mvc.method.annotation.RequestMappingHandlerMapping register
信息: Mapped "{[/checkLogin]}" onto public java.lang.String com._520it.sso.controller.LoginLogOutController.checkLogin(java.lang.String,javax.servlet.http.HttpSession,org.springframework.ui.Model)
十月 11, 2017 9:29:20 上午 org.springframework.web.servlet.mvc.method.annotation.RequestMappingHandlerMapping register
信息: Mapped "{[/logOut]}" onto public java.lang.String com._520it.sso.controller.LoginLogOutController.logOut(javax.servlet.http.HttpSession)
十月 11, 2017 9:29:20 上午 org.springframework.web.servlet.mvc.method.annotation.RequestMappingHandlerAdapter initControllerAdviceCache
信息: Looking for @ControllerAdvice: WebApplicationContext for namespace 'SpringMVC-servlet': startup date [Wed Oct 11 09:29:19 CST 2017]; root of context hierarchy
十月 11, 2017 9:29:20 上午 org.springframework.web.servlet.mvc.method.annotation.RequestMappingHandlerAdapter initControllerAdviceCache
信息: Looking for @ControllerAdvice: WebApplicationContext for namespace 'SpringMVC-servlet': startup date [Wed Oct 11 09:29:19 CST 2017]; root of context hierarchy
十月 11, 2017 9:29:20 上午 org.springframework.web.servlet.handler.SimpleUrlHandlerMapping registerHandler
信息: Mapped URL path [/**] onto handler 'org.springframework.web.servlet.resource.DefaultServletHttpRequestHandler#0'
十月 11, 2017 9:29:20 上午 org.springframework.web.servlet.DispatcherServlet initServletBean
信息: FrameworkServlet 'SpringMVC': initialization completed in 793 ms
十月 11, 2017 9:29:20 上午 org.apache.catalina.startup.HostConfig deployDirectory
信息: Deployment of web application directory D:\lanxw\07_SSO\资料\演示项目\server\webapps\ROOT has finished in 1,862 ms
十月 11, 2017 9:29:20 上午 org.apache.coyote.AbstractProtocol start
信息: Starting ProtocolHandler ["http-apr-80"]
十月 11, 2017 9:29:20 上午 org.apache.coyote.AbstractProtocol start
信息: Starting ProtocolHandler ["ajp-apr-8009"]
十月 11, 2017 9:29:20 上午 org.apache.catalina.startup.Catalina start
信息: Server startup in 1940 ms
